2023-11-02 23:11 [INFO][restartedMain] [c.b.b.BookStoreApplication:51] Starting BookStoreApplication using Java 20 with PID 1540 (C:\Users\LENOVO\IdeaProjects\BookStore\target\classes started by root in C:\Users\LENOVO\IdeaProjects\BookStore)
2023-11-02 23:11 [INFO][restartedMain] [c.b.b.BookStoreApplication:643] The following 1 profile is active: "dev"
2023-11-02 23:11 [INFO][restartedMain] [o.s.b.d.e.DevToolsPropertyDefaultsPostProcessor:250] Devtools property defaults active! Set 'spring.devtools.add-properties' to 'false' to disable
2023-11-02 23:11 [INFO][restartedMain] [o.s.b.d.e.DevToolsPropertyDefaultsPostProcessor:250] For additional web related logging consider setting the 'logging.level.web' property to 'DEBUG'
2023-11-02 23:11 [INFO][restartedMain] [o.s.d.r.c.RepositoryConfigurationDelegate:138] Bootstrapping Spring Data JPA repositories in DEFAULT mode.
2023-11-02 23:11 [INFO][restartedMain] [o.s.d.r.c.RepositoryConfigurationDelegate:208] Finished Spring Data repository scanning in 158 ms. Found 4 JPA repository interfaces.
2023-11-02 23:11 [INFO][restartedMain] [o.s.b.w.e.t.TomcatWebServer:108] Tomcat initialized with port(s): 9098 (http)
2023-11-02 23:11 [INFO][restartedMain] [o.a.c.c.StandardService:173] Starting service [Tomcat]
2023-11-02 23:11 [INFO][restartedMain] [o.a.c.c.StandardEngine:173] Starting Servlet engine: [Apache Tomcat/10.1.13]
2023-11-02 23:11 [INFO][restartedMain] [o.a.c.c.C.[.[.[/]:173] Initializing Spring embedded WebApplicationContext
2023-11-02 23:11 [INFO][restartedMain] [o.s.b.w.s.c.ServletWebServerApplicationContext:291] Root WebApplicationContext: initialization completed in 5178 ms
2023-11-02 23:11 [INFO][restartedMain] [o.h.j.i.u.LogHelper:31] HHH000204: Processing PersistenceUnitInfo [name: default]
2023-11-02 23:11 [INFO][restartedMain] [o.h.Version:44] HHH000412: Hibernate ORM core version 6.2.9.Final
2023-11-02 23:11 [INFO][restartedMain] [o.h.c.Environment:191] HHH000406: Using bytecode reflection optimizer
2023-11-02 23:11 [INFO][restartedMain] [o.h.b.i.BytecodeProviderInitiator:53] HHH000021: Bytecode provider name : bytebuddy
2023-11-02 23:11 [INFO][restartedMain] [o.s.o.j.p.SpringPersistenceUnitInfo:87] No LoadTimeWeaver setup: ignoring JPA class transformer
2023-11-02 23:11 [INFO][restartedMain] [c.z.h.HikariDataSource:110] HikariPool-1 - Starting...
2023-11-02 23:11 [INFO][restartedMain] [c.z.h.p.HikariPool:565] HikariPool-1 - Added connection com.mysql.cj.jdbc.ConnectionImpl@597c0431
2023-11-02 23:11 [INFO][restartedMain] [c.z.h.HikariDataSource:123] HikariPool-1 - Start completed.
2023-11-02 23:11 [INFO][restartedMain] [o.h.b.i.BytecodeProviderInitiator:53] HHH000021: Bytecode provider name : bytebuddy
2023-11-02 23:11 [INFO][restartedMain] [o.h.e.t.j.p.i.JtaPlatformInitiator:51] HHH000490: Using JtaPlatform implementation: [org.hibernate.engine.transaction.jta.platform.internal.NoJtaPlatform]
2023-11-02 23:11 [INFO][restartedMain] [o.s.o.j.LocalContainerEntityManagerFactoryBean:437] Initialized JPA EntityManagerFactory for persistence unit 'default'
2023-11-02 23:11 [INFO][restartedMain] [o.s.d.j.r.q.QueryEnhancerFactory:47] Hibernate is in classpath; If applicable, HQL parser will be used.
2023-11-02 23:11 [WARN][restartedMain] [o.s.b.a.o.j.JpaBaseConfiguration$JpaWebConfiguration:231] spring.jpa.open-in-view is enabled by default. Therefore, database queries may be performed during view rendering. Explicitly configure spring.jpa.open-in-view to disable this warning
2023-11-02 23:11 [WARN][restartedMain] [o.s.b.a.t.ThymeleafAutoConfiguration$DefaultTemplateResolverConfiguration:101] Cannot find template location: classpath:/templates/ (please add some templates, check your Thymeleaf configuration, or set spring.thymeleaf.check-template-location=false)
2023-11-02 23:11 [INFO][restartedMain] [o.s.b.d.a.OptionalLiveReloadServer:59] LiveReload server is running on port 35729
2023-11-02 23:11 [INFO][restartedMain] [o.s.b.w.e.t.TomcatWebServer:220] Tomcat started on port(s): 9098 (http) with context path ''
2023-11-02 23:11 [INFO][restartedMain] [c.b.b.BookStoreApplication:57] Started BookStoreApplication in 13.945 seconds (process running for 16.228)
2023-11-02 23:12 [INFO][http-nio-9098-exec-1] [o.a.c.c.C.[.[.[/]:173] Initializing Spring DispatcherServlet 'dispatcherServlet'
2023-11-02 23:12 [INFO][http-nio-9098-exec-1] [o.s.w.s.DispatcherServlet:532] Initializing Servlet 'dispatcherServlet'
2023-11-02 23:12 [INFO][http-nio-9098-exec-1] [o.s.w.s.DispatcherServlet:554] Completed initialization in 2 ms
2023-11-02 23:18 [ERROR][http-nio-9098-exec-10] [o.a.c.c.C.[.[.[.[dispatcherServlet]:175] Servlet.service() for servlet [dispatcherServlet] in context with path [] threw exception [Request processing failed: org.springframework.dao.InvalidDataAccessApiUsageException: org.hibernate.QueryException: Named parameter not bound : e] with root cause
org.hibernate.QueryException: Named parameter not bound : e
	at org.hibernate.query.internal.QueryParameterBindingsImpl.lambda$validate$0(QueryParameterBindingsImpl.java:143)
	at java.base/java.util.ArrayList.forEach(ArrayList.java:1511)
	at java.base/java.util.Collections$UnmodifiableCollection.forEach(Collections.java:1092)
	at org.hibernate.query.internal.ParameterMetadataImpl.visitParameters(ParameterMetadataImpl.java:194)
	at org.hibernate.query.spi.ParameterMetadataImplementor.visitRegistrations(ParameterMetadataImplementor.java:29)
	at org.hibernate.query.internal.QueryParameterBindingsImpl.validate(QueryParameterBindingsImpl.java:139)
	at org.hibernate.query.spi.AbstractSelectionQuery.beforeQuery(AbstractSelectionQuery.java:386)
	at org.hibernate.query.spi.AbstractSelectionQuery.list(AbstractSelectionQuery.java:364)
	at org.hibernate.query.spi.AbstractSelectionQuery.getSingleResult(AbstractSelectionQuery.java:473)
	at org.springframework.data.jpa.repository.query.JpaQueryExecution$SingleEntityExecution.doExecute(JpaQueryExecution.java:223)
	at org.springframework.data.jpa.repository.query.JpaQueryExecution.execute(JpaQueryExecution.java:92)
	at org.springframework.data.jpa.repository.query.AbstractJpaQuery.doExecute(AbstractJpaQuery.java:148)
	at org.springframework.data.jpa.repository.query.AbstractJpaQuery.execute(AbstractJpaQuery.java:136)
	at org.springframework.data.repository.core.support.RepositoryMethodInvoker.doInvoke(RepositoryMethodInvoker.java:136)
	at org.springframework.data.repository.core.support.RepositoryMethodInvoker.invoke(RepositoryMethodInvoker.java:120)
	at org.springframework.data.repository.core.support.QueryExecutorMethodInterceptor.doInvoke(QueryExecutorMethodInterceptor.java:164)
	at org.springframework.data.repository.core.support.QueryExecutorMethodInterceptor.invoke(QueryExecutorMethodInterceptor.java:143)
	at org.springframework.aop.framework.ReflectiveMethodInvocation.proceed(ReflectiveMethodInvocation.java:184)
	at org.springframework.data.projection.DefaultMethodInvokingMethodInterceptor.invoke(DefaultMethodInvokingMethodInterceptor.java:72)
	at org.springframework.aop.framework.ReflectiveMethodInvocation.proceed(ReflectiveMethodInvocation.java:184)
	at org.springframework.transaction.interceptor.TransactionInterceptor$1.proceedWithInvocation(TransactionInterceptor.java:123)
	at org.springframework.transaction.interceptor.TransactionAspectSupport.invokeWithinTransaction(TransactionAspectSupport.java:391)
	at org.springframework.transaction.interceptor.TransactionInterceptor.invoke(TransactionInterceptor.java:119)
	at org.springframework.aop.framework.ReflectiveMethodInvocation.proceed(ReflectiveMethodInvocation.java:184)
	at org.springframework.dao.support.PersistenceExceptionTranslationInterceptor.invoke(PersistenceExceptionTranslationInterceptor.java:137)
	at org.springframework.aop.framework.ReflectiveMethodInvocation.proceed(ReflectiveMethodInvocation.java:184)
	at org.springframework.data.jpa.repository.support.CrudMethodMetadataPostProcessor$CrudMethodMetadataPopulatingMethodInterceptor.invoke(CrudMethodMetadataPostProcessor.java:135)
	at org.springframework.aop.framework.ReflectiveMethodInvocation.proceed(ReflectiveMethodInvocation.java:184)
	at org.springframework.aop.interceptor.ExposeInvocationInterceptor.invoke(ExposeInvocationInterceptor.java:97)
	at org.springframework.aop.framework.ReflectiveMethodInvocation.proceed(ReflectiveMethodInvocation.java:184)
	at org.springframework.aop.framework.JdkDynamicAopProxy.invoke(JdkDynamicAopProxy.java:244)
	at jdk.proxy4/jdk.proxy4.$Proxy121.getUserByEmail(Unknown Source)
	at com.bridgelabz.bookstore.service.UserService.getByEmail(UserService.java:58)
	at com.bridgelabz.bookstore.controller.UserController.getByMail(UserController.java:31)
	at java.base/jdk.internal.reflect.DirectMethodHandleAccessor.invoke(DirectMethodHandleAccessor.java:104)
	at java.base/java.lang.reflect.Method.invoke(Method.java:578)
	at org.springframework.web.method.support.InvocableHandlerMethod.doInvoke(InvocableHandlerMethod.java:205)
	at org.springframework.web.method.support.InvocableHandlerMethod.invokeForRequest(InvocableHandlerMethod.java:150)
	at org.springframework.web.servlet.mvc.method.annotation.ServletInvocableHandlerMethod.invokeAndHandle(ServletInvocableHandlerMethod.java:118)
	at org.springframework.web.servlet.mvc.method.annotation.RequestMappingHandlerAdapter.invokeHandlerMethod(RequestMappingHandlerAdapter.java:884)
	at org.springframework.web.servlet.mvc.method.annotation.RequestMappingHandlerAdapter.handleInternal(RequestMappingHandlerAdapter.java:797)
	at org.springframework.web.servlet.mvc.method.AbstractHandlerMethodAdapter.handle(AbstractHandlerMethodAdapter.java:87)
	at org.springframework.web.servlet.DispatcherServlet.doDispatch(DispatcherServlet.java:1081)
	at org.springframework.web.servlet.DispatcherServlet.doService(DispatcherServlet.java:974)
	at org.springframework.web.servlet.FrameworkServlet.processRequest(FrameworkServlet.java:1011)
	at org.springframework.web.servlet.FrameworkServlet.doGet(FrameworkServlet.java:903)
	at jakarta.servlet.http.HttpServlet.service(HttpServlet.java:564)
	at org.springframework.web.servlet.FrameworkServlet.service(FrameworkServlet.java:885)
	at jakarta.servlet.http.HttpServlet.service(HttpServlet.java:658)
	at org.apache.catalina.core.ApplicationFilterChain.internalDoFilter(ApplicationFilterChain.java:205)
	at org.apache.catalina.core.ApplicationFilterChain.doFilter(ApplicationFilterChain.java:149)
	at org.apache.tomcat.websocket.server.WsFilter.doFilter(WsFilter.java:51)
	at org.apache.catalina.core.ApplicationFilterChain.internalDoFilter(ApplicationFilterChain.java:174)
	at org.apache.catalina.core.ApplicationFilterChain.doFilter(ApplicationFilterChain.java:149)
	at org.springframework.web.filter.RequestContextFilter.doFilterInternal(RequestContextFilter.java:100)
	at org.springframework.web.filter.OncePerRequestFilter.doFilter(OncePerRequestFilter.java:116)
	at org.apache.catalina.core.ApplicationFilterChain.internalDoFilter(ApplicationFilterChain.java:174)
	at org.apache.catalina.core.ApplicationFilterChain.doFilter(ApplicationFilterChain.java:149)
	at org.springframework.web.filter.FormContentFilter.doFilterInternal(FormContentFilter.java:93)
	at org.springframework.web.filter.OncePerRequestFilter.doFilter(OncePerRequestFilter.java:116)
	at org.apache.catalina.core.ApplicationFilterChain.internalDoFilter(ApplicationFilterChain.java:174)
	at org.apache.catalina.core.ApplicationFilterChain.doFilter(ApplicationFilterChain.java:149)
	at org.springframework.web.filter.CharacterEncodingFilter.doFilterInternal(CharacterEncodingFilter.java:201)
	at org.springframework.web.filter.OncePerRequestFilter.doFilter(OncePerRequestFilter.java:116)
	at org.apache.catalina.core.ApplicationFilterChain.internalDoFilter(ApplicationFilterChain.java:174)
	at org.apache.catalina.core.ApplicationFilterChain.doFilter(ApplicationFilterChain.java:149)
	at org.apache.catalina.core.StandardWrapperValve.invoke(StandardWrapperValve.java:167)
	at org.apache.catalina.core.StandardContextValve.invoke(StandardContextValve.java:90)
	at org.apache.catalina.authenticator.AuthenticatorBase.invoke(AuthenticatorBase.java:482)
	at org.apache.catalina.core.StandardHostValve.invoke(StandardHostValve.java:115)
	at org.apache.catalina.valves.ErrorReportValve.invoke(ErrorReportValve.java:93)
	at org.apache.catalina.core.StandardEngineValve.invoke(StandardEngineValve.java:74)
	at org.apache.catalina.connector.CoyoteAdapter.service(CoyoteAdapter.java:341)
	at org.apache.coyote.http11.Http11Processor.service(Http11Processor.java:391)
	at org.apache.coyote.AbstractProcessorLight.process(AbstractProcessorLight.java:63)
	at org.apache.coyote.AbstractProtocol$ConnectionHandler.process(AbstractProtocol.java:894)
	at org.apache.tomcat.util.net.NioEndpoint$SocketProcessor.doRun(NioEndpoint.java:1740)
	at org.apache.tomcat.util.net.SocketProcessorBase.run(SocketProcessorBase.java:52)
	at org.apache.tomcat.util.threads.ThreadPoolExecutor.runWorker(ThreadPoolExecutor.java:1191)
	at org.apache.tomcat.util.threads.ThreadPoolExecutor$Worker.run(ThreadPoolExecutor.java:659)
	at org.apache.tomcat.util.threads.TaskThread$WrappingRunnable.run(TaskThread.java:61)
	at java.base/java.lang.Thread.run(Thread.java:1623)
2023-11-02 23:19 [INFO][SpringApplicationShutdownHook] [o.s.o.j.LocalContainerEntityManagerFactoryBean:650] Closing JPA EntityManagerFactory for persistence unit 'default'
2023-11-02 23:19 [INFO][SpringApplicationShutdownHook] [c.z.h.HikariDataSource:350] HikariPool-1 - Shutdown initiated...
2023-11-02 23:19 [INFO][SpringApplicationShutdownHook] [c.z.h.HikariDataSource:352] HikariPool-1 - Shutdown completed.
2023-11-02 23:19 [INFO][restartedMain] [c.b.b.BookStoreApplication:51] Starting BookStoreApplication using Java 20 with PID 3424 (C:\Users\LENOVO\IdeaProjects\BookStore\target\classes started by root in C:\Users\LENOVO\IdeaProjects\BookStore)
2023-11-02 23:19 [INFO][restartedMain] [c.b.b.BookStoreApplication:643] The following 1 profile is active: "dev"
2023-11-02 23:19 [INFO][restartedMain] [o.s.b.d.e.DevToolsPropertyDefaultsPostProcessor:250] Devtools property defaults active! Set 'spring.devtools.add-properties' to 'false' to disable
2023-11-02 23:19 [INFO][restartedMain] [o.s.b.d.e.DevToolsPropertyDefaultsPostProcessor:250] For additional web related logging consider setting the 'logging.level.web' property to 'DEBUG'
2023-11-02 23:19 [INFO][restartedMain] [o.s.d.r.c.RepositoryConfigurationDelegate:138] Bootstrapping Spring Data JPA repositories in DEFAULT mode.
2023-11-02 23:19 [INFO][restartedMain] [o.s.d.r.c.RepositoryConfigurationDelegate:208] Finished Spring Data repository scanning in 114 ms. Found 4 JPA repository interfaces.
2023-11-02 23:19 [INFO][restartedMain] [o.s.b.w.e.t.TomcatWebServer:108] Tomcat initialized with port(s): 9098 (http)
2023-11-02 23:19 [INFO][restartedMain] [o.a.c.c.StandardService:173] Starting service [Tomcat]
2023-11-02 23:19 [INFO][restartedMain] [o.a.c.c.StandardEngine:173] Starting Servlet engine: [Apache Tomcat/10.1.13]
2023-11-02 23:19 [INFO][restartedMain] [o.a.c.c.C.[.[.[/]:173] Initializing Spring embedded WebApplicationContext
2023-11-02 23:19 [INFO][restartedMain] [o.s.b.w.s.c.ServletWebServerApplicationContext:291] Root WebApplicationContext: initialization completed in 2767 ms
2023-11-02 23:19 [INFO][restartedMain] [o.h.j.i.u.LogHelper:31] HHH000204: Processing PersistenceUnitInfo [name: default]
2023-11-02 23:19 [INFO][restartedMain] [o.h.Version:44] HHH000412: Hibernate ORM core version 6.2.9.Final
2023-11-02 23:19 [INFO][restartedMain] [o.h.c.Environment:191] HHH000406: Using bytecode reflection optimizer
2023-11-02 23:19 [INFO][restartedMain] [o.h.b.i.BytecodeProviderInitiator:53] HHH000021: Bytecode provider name : bytebuddy
2023-11-02 23:19 [INFO][restartedMain] [o.s.o.j.p.SpringPersistenceUnitInfo:87] No LoadTimeWeaver setup: ignoring JPA class transformer
2023-11-02 23:19 [INFO][restartedMain] [c.z.h.HikariDataSource:110] HikariPool-1 - Starting...
2023-11-02 23:19 [INFO][restartedMain] [c.z.h.p.HikariPool:565] HikariPool-1 - Added connection com.mysql.cj.jdbc.ConnectionImpl@43796554
2023-11-02 23:19 [INFO][restartedMain] [c.z.h.HikariDataSource:123] HikariPool-1 - Start completed.
2023-11-02 23:19 [INFO][restartedMain] [o.h.b.i.BytecodeProviderInitiator:53] HHH000021: Bytecode provider name : bytebuddy
2023-11-02 23:19 [INFO][restartedMain] [o.h.e.t.j.p.i.JtaPlatformInitiator:51] HHH000490: Using JtaPlatform implementation: [org.hibernate.engine.transaction.jta.platform.internal.NoJtaPlatform]
2023-11-02 23:19 [INFO][restartedMain] [o.s.o.j.LocalContainerEntityManagerFactoryBean:437] Initialized JPA EntityManagerFactory for persistence unit 'default'
2023-11-02 23:19 [INFO][restartedMain] [o.s.d.j.r.q.QueryEnhancerFactory:47] Hibernate is in classpath; If applicable, HQL parser will be used.
2023-11-02 23:19 [WARN][restartedMain] [o.s.b.a.o.j.JpaBaseConfiguration$JpaWebConfiguration:231] spring.jpa.open-in-view is enabled by default. Therefore, database queries may be performed during view rendering. Explicitly configure spring.jpa.open-in-view to disable this warning
2023-11-02 23:19 [WARN][restartedMain] [o.s.b.a.t.ThymeleafAutoConfiguration$DefaultTemplateResolverConfiguration:101] Cannot find template location: classpath:/templates/ (please add some templates, check your Thymeleaf configuration, or set spring.thymeleaf.check-template-location=false)
2023-11-02 23:19 [INFO][restartedMain] [o.s.b.d.a.OptionalLiveReloadServer:59] LiveReload server is running on port 35729
2023-11-02 23:19 [INFO][restartedMain] [o.s.b.w.e.t.TomcatWebServer:220] Tomcat started on port(s): 9098 (http) with context path ''
2023-11-02 23:19 [INFO][restartedMain] [c.b.b.BookStoreApplication:57] Started BookStoreApplication in 9.386 seconds (process running for 11.2)
2023-11-02 23:19 [INFO][http-nio-9098-exec-2] [o.a.c.c.C.[.[.[/]:173] Initializing Spring DispatcherServlet 'dispatcherServlet'
2023-11-02 23:19 [INFO][http-nio-9098-exec-2] [o.s.w.s.DispatcherServlet:532] Initializing Servlet 'dispatcherServlet'
2023-11-02 23:19 [INFO][http-nio-9098-exec-2] [o.s.w.s.DispatcherServlet:554] Completed initialization in 5 ms
2023-11-02 23:20 [INFO][SpringApplicationShutdownHook] [o.s.o.j.LocalContainerEntityManagerFactoryBean:650] Closing JPA EntityManagerFactory for persistence unit 'default'
2023-11-02 23:20 [INFO][SpringApplicationShutdownHook] [c.z.h.HikariDataSource:350] HikariPool-1 - Shutdown initiated...
2023-11-02 23:20 [INFO][SpringApplicationShutdownHook] [c.z.h.HikariDataSource:352] HikariPool-1 - Shutdown completed.
2023-11-02 23:20 [INFO][restartedMain] [c.b.b.BookStoreApplication:51] Starting BookStoreApplication using Java 20 with PID 10124 (C:\Users\LENOVO\IdeaProjects\BookStore\target\classes started by root in C:\Users\LENOVO\IdeaProjects\BookStore)
2023-11-02 23:20 [INFO][restartedMain] [c.b.b.BookStoreApplication:643] The following 1 profile is active: "dev"
2023-11-02 23:20 [INFO][restartedMain] [o.s.b.d.e.DevToolsPropertyDefaultsPostProcessor:250] Devtools property defaults active! Set 'spring.devtools.add-properties' to 'false' to disable
2023-11-02 23:20 [INFO][restartedMain] [o.s.b.d.e.DevToolsPropertyDefaultsPostProcessor:250] For additional web related logging consider setting the 'logging.level.web' property to 'DEBUG'
2023-11-02 23:20 [INFO][restartedMain] [o.s.d.r.c.RepositoryConfigurationDelegate:138] Bootstrapping Spring Data JPA repositories in DEFAULT mode.
2023-11-02 23:20 [INFO][restartedMain] [o.s.d.r.c.RepositoryConfigurationDelegate:208] Finished Spring Data repository scanning in 116 ms. Found 4 JPA repository interfaces.
2023-11-02 23:20 [INFO][restartedMain] [o.s.b.w.e.t.TomcatWebServer:108] Tomcat initialized with port(s): 9098 (http)
2023-11-02 23:20 [INFO][restartedMain] [o.a.c.c.StandardService:173] Starting service [Tomcat]
2023-11-02 23:20 [INFO][restartedMain] [o.a.c.c.StandardEngine:173] Starting Servlet engine: [Apache Tomcat/10.1.13]
2023-11-02 23:20 [INFO][restartedMain] [o.a.c.c.C.[.[.[/]:173] Initializing Spring embedded WebApplicationContext
2023-11-02 23:20 [INFO][restartedMain] [o.s.b.w.s.c.ServletWebServerApplicationContext:291] Root WebApplicationContext: initialization completed in 2657 ms
2023-11-02 23:20 [INFO][restartedMain] [o.h.j.i.u.LogHelper:31] HHH000204: Processing PersistenceUnitInfo [name: default]
2023-11-02 23:20 [INFO][restartedMain] [o.h.Version:44] HHH000412: Hibernate ORM core version 6.2.9.Final
2023-11-02 23:20 [INFO][restartedMain] [o.h.c.Environment:191] HHH000406: Using bytecode reflection optimizer
2023-11-02 23:20 [INFO][restartedMain] [o.h.b.i.BytecodeProviderInitiator:53] HHH000021: Bytecode provider name : bytebuddy
2023-11-02 23:20 [INFO][restartedMain] [o.s.o.j.p.SpringPersistenceUnitInfo:87] No LoadTimeWeaver setup: ignoring JPA class transformer
2023-11-02 23:20 [INFO][restartedMain] [c.z.h.HikariDataSource:110] HikariPool-1 - Starting...
2023-11-02 23:20 [INFO][restartedMain] [c.z.h.p.HikariPool:565] HikariPool-1 - Added connection com.mysql.cj.jdbc.ConnectionImpl@4e24fc44
2023-11-02 23:20 [INFO][restartedMain] [c.z.h.HikariDataSource:123] HikariPool-1 - Start completed.
2023-11-02 23:20 [INFO][restartedMain] [o.h.b.i.BytecodeProviderInitiator:53] HHH000021: Bytecode provider name : bytebuddy
2023-11-02 23:20 [INFO][restartedMain] [o.h.e.t.j.p.i.JtaPlatformInitiator:51] HHH000490: Using JtaPlatform implementation: [org.hibernate.engine.transaction.jta.platform.internal.NoJtaPlatform]
2023-11-02 23:20 [INFO][restartedMain] [o.s.o.j.LocalContainerEntityManagerFactoryBean:437] Initialized JPA EntityManagerFactory for persistence unit 'default'
2023-11-02 23:20 [INFO][restartedMain] [o.s.d.j.r.q.QueryEnhancerFactory:47] Hibernate is in classpath; If applicable, HQL parser will be used.
2023-11-02 23:20 [WARN][restartedMain] [o.s.b.a.o.j.JpaBaseConfiguration$JpaWebConfiguration:231] spring.jpa.open-in-view is enabled by default. Therefore, database queries may be performed during view rendering. Explicitly configure spring.jpa.open-in-view to disable this warning
2023-11-02 23:20 [WARN][restartedMain] [o.s.b.a.t.ThymeleafAutoConfiguration$DefaultTemplateResolverConfiguration:101] Cannot find template location: classpath:/templates/ (please add some templates, check your Thymeleaf configuration, or set spring.thymeleaf.check-template-location=false)
2023-11-02 23:20 [INFO][restartedMain] [o.s.b.d.a.OptionalLiveReloadServer:59] LiveReload server is running on port 35729
2023-11-02 23:20 [INFO][restartedMain] [o.s.b.w.e.t.TomcatWebServer:220] Tomcat started on port(s): 9098 (http) with context path ''
2023-11-02 23:20 [INFO][restartedMain] [c.b.b.BookStoreApplication:57] Started BookStoreApplication in 8.969 seconds (process running for 10.585)
2023-11-02 23:20 [INFO][http-nio-9098-exec-1] [o.a.c.c.C.[.[.[/]:173] Initializing Spring DispatcherServlet 'dispatcherServlet'
2023-11-02 23:20 [INFO][http-nio-9098-exec-1] [o.s.w.s.DispatcherServlet:532] Initializing Servlet 'dispatcherServlet'
2023-11-02 23:20 [INFO][http-nio-9098-exec-1] [o.s.w.s.DispatcherServlet:554] Completed initialization in 1 ms
2023-11-02 23:26 [INFO][File Watcher] [o.s.b.d.a.LocalDevToolsAutoConfiguration$RestartingClassPathChangeChangedEventListener:211] Restarting due to 1 class path change (0 additions, 1 deletion, 0 modifications)
2023-11-02 23:26 [INFO][Thread-5] [o.a.c.c.StandardService:173] Stopping service [Tomcat]
2023-11-02 23:26 [INFO][Thread-5] [o.a.c.c.C.[.[.[/]:173] Destroying Spring FrameworkServlet 'dispatcherServlet'
2023-11-02 23:26 [INFO][Thread-5] [o.s.o.j.LocalContainerEntityManagerFactoryBean:650] Closing JPA EntityManagerFactory for persistence unit 'default'
2023-11-02 23:26 [INFO][Thread-5] [c.z.h.HikariDataSource:350] HikariPool-1 - Shutdown initiated...
2023-11-02 23:26 [INFO][Thread-5] [c.z.h.HikariDataSource:352] HikariPool-1 - Shutdown completed.
2023-11-02 23:26 [INFO][restartedMain] [c.b.b.BookStoreApplication:51] Starting BookStoreApplication using Java 20 with PID 10124 (C:\Users\LENOVO\IdeaProjects\BookStore\target\classes started by root in C:\Users\LENOVO\IdeaProjects\BookStore)
2023-11-02 23:26 [INFO][restartedMain] [c.b.b.BookStoreApplication:643] The following 1 profile is active: "dev"
2023-11-02 23:26 [INFO][restartedMain] [o.s.d.r.c.RepositoryConfigurationDelegate:138] Bootstrapping Spring Data JPA repositories in DEFAULT mode.
2023-11-02 23:26 [INFO][restartedMain] [o.s.d.r.c.RepositoryConfigurationDelegate:208] Finished Spring Data repository scanning in 44 ms. Found 3 JPA repository interfaces.
2023-11-02 23:26 [INFO][restartedMain] [o.s.b.w.e.t.TomcatWebServer:108] Tomcat initialized with port(s): 9098 (http)
2023-11-02 23:26 [INFO][restartedMain] [o.a.c.c.StandardService:173] Starting service [Tomcat]
2023-11-02 23:26 [INFO][restartedMain] [o.a.c.c.StandardEngine:173] Starting Servlet engine: [Apache Tomcat/10.1.13]
2023-11-02 23:26 [INFO][restartedMain] [o.a.c.c.C.[.[.[/]:173] Initializing Spring embedded WebApplicationContext
2023-11-02 23:26 [INFO][restartedMain] [o.s.b.w.s.c.ServletWebServerApplicationContext:291] Root WebApplicationContext: initialization completed in 1018 ms
2023-11-02 23:26 [INFO][restartedMain] [o.h.j.i.u.LogHelper:31] HHH000204: Processing PersistenceUnitInfo [name: default]
2023-11-02 23:26 [INFO][restartedMain] [o.h.b.i.BytecodeProviderInitiator:53] HHH000021: Bytecode provider name : bytebuddy
2023-11-02 23:26 [INFO][restartedMain] [o.s.o.j.p.SpringPersistenceUnitInfo:87] No LoadTimeWeaver setup: ignoring JPA class transformer
2023-11-02 23:26 [INFO][restartedMain] [c.z.h.HikariDataSource:110] HikariPool-2 - Starting...
2023-11-02 23:26 [INFO][restartedMain] [c.z.h.p.HikariPool:565] HikariPool-2 - Added connection com.mysql.cj.jdbc.ConnectionImpl@3e3ba5ca
2023-11-02 23:26 [INFO][restartedMain] [c.z.h.HikariDataSource:123] HikariPool-2 - Start completed.
2023-11-02 23:26 [INFO][restartedMain] [o.h.b.i.BytecodeProviderInitiator:53] HHH000021: Bytecode provider name : bytebuddy
2023-11-02 23:26 [INFO][restartedMain] [o.h.e.t.j.p.i.JtaPlatformInitiator:51] HHH000490: Using JtaPlatform implementation: [org.hibernate.engine.transaction.jta.platform.internal.NoJtaPlatform]
2023-11-02 23:26 [INFO][restartedMain] [o.s.o.j.LocalContainerEntityManagerFactoryBean:437] Initialized JPA EntityManagerFactory for persistence unit 'default'
2023-11-02 23:26 [WARN][restartedMain] [o.s.b.w.s.c.AnnotationConfigServletWebServerApplicationContext:616] Exception encountered during context initialization - cancelling refresh attempt: org.springframework.beans.factory.UnsatisfiedDependencyException: Error creating bean with name 'orderController': Unsatisfied dependency expressed through field 'orderService': Error creating bean with name 'orderService' defined in file [C:\Users\LENOVO\IdeaProjects\BookStore\target\classes\com\bridgelabz\bookstore\service\OrderService.class]: Post-processing of merged bean definition failed
2023-11-02 23:26 [INFO][restartedMain] [o.s.o.j.LocalContainerEntityManagerFactoryBean:650] Closing JPA EntityManagerFactory for persistence unit 'default'
2023-11-02 23:26 [INFO][restartedMain] [c.z.h.HikariDataSource:350] HikariPool-2 - Shutdown initiated...
2023-11-02 23:26 [INFO][restartedMain] [c.z.h.HikariDataSource:352] HikariPool-2 - Shutdown completed.
2023-11-02 23:26 [INFO][restartedMain] [o.a.c.c.StandardService:173] Stopping service [Tomcat]
2023-11-02 23:26 [INFO][restartedMain] [o.s.b.a.l.ConditionEvaluationReportLogger:82] 

Error starting ApplicationContext. To display the condition evaluation report re-run your application with 'debug' enabled.
2023-11-02 23:26 [ERROR][restartedMain] [o.s.b.SpringApplication:827] Application run failed
org.springframework.beans.factory.UnsatisfiedDependencyException: Error creating bean with name 'orderController': Unsatisfied dependency expressed through field 'orderService': Error creating bean with name 'orderService' defined in file [C:\Users\LENOVO\IdeaProjects\BookStore\target\classes\com\bridgelabz\bookstore\service\OrderService.class]: Post-processing of merged bean definition failed
	at org.springframework.beans.factory.annotation.AutowiredAnnotationBeanPostProcessor$AutowiredFieldElement.resolveFieldValue(AutowiredAnnotationBeanPostProcessor.java:767) ~[spring-beans-6.0.12.jar:6.0.12]
	at org.springframework.beans.factory.annotation.AutowiredAnnotationBeanPostProcessor$AutowiredFieldElement.inject(AutowiredAnnotationBeanPostProcessor.java:747) ~[spring-beans-6.0.12.jar:6.0.12]
	at org.springframework.beans.factory.annotation.InjectionMetadata.inject(InjectionMetadata.java:145) ~[spring-beans-6.0.12.jar:6.0.12]
	at org.springframework.beans.factory.annotation.AutowiredAnnotationBeanPostProcessor.postProcessProperties(AutowiredAnnotationBeanPostProcessor.java:492) ~[spring-beans-6.0.12.jar:6.0.12]
	at org.springframework.beans.factory.support.AbstractAutowireCapableBeanFactory.populateBean(AbstractAutowireCapableBeanFactory.java:1416) ~[spring-beans-6.0.12.jar:6.0.12]
	at org.springframework.beans.factory.support.AbstractAutowireCapableBeanFactory.doCreateBean(AbstractAutowireCapableBeanFactory.java:597) ~[spring-beans-6.0.12.jar:6.0.12]
	at org.springframework.beans.factory.support.AbstractAutowireCapableBeanFactory.createBean(AbstractAutowireCapableBeanFactory.java:520) ~[spring-beans-6.0.12.jar:6.0.12]
	at org.springframework.beans.factory.support.AbstractBeanFactory.lambda$doGetBean$0(AbstractBeanFactory.java:325) ~[spring-beans-6.0.12.jar:6.0.12]
	at org.springframework.beans.factory.support.DefaultSingletonBeanRegistry.getSingleton(DefaultSingletonBeanRegistry.java:234) ~[spring-beans-6.0.12.jar:6.0.12]
	at org.springframework.beans.factory.support.AbstractBeanFactory.doGetBean(AbstractBeanFactory.java:323) ~[spring-beans-6.0.12.jar:6.0.12]
	at org.springframework.beans.factory.support.AbstractBeanFactory.getBean(AbstractBeanFactory.java:199) ~[spring-beans-6.0.12.jar:6.0.12]
	at org.springframework.beans.factory.support.DefaultListableBeanFactory.preInstantiateSingletons(DefaultListableBeanFactory.java:973) ~[spring-beans-6.0.12.jar:6.0.12]
	at org.springframework.context.support.AbstractApplicationContext.finishBeanFactoryInitialization(AbstractApplicationContext.java:942) ~[spring-context-6.0.12.jar:6.0.12]
	at org.springframework.context.support.AbstractApplicationContext.refresh(AbstractApplicationContext.java:608) ~[spring-context-6.0.12.jar:6.0.12]
	at org.springframework.boot.web.servlet.context.ServletWebServerApplicationContext.refresh(ServletWebServerApplicationContext.java:146) ~[spring-boot-3.1.4.jar:3.1.4]
	at org.springframework.boot.SpringApplication.refresh(SpringApplication.java:737) ~[spring-boot-3.1.4.jar:3.1.4]
	at org.springframework.boot.SpringApplication.refreshContext(SpringApplication.java:439) ~[spring-boot-3.1.4.jar:3.1.4]
	at org.springframework.boot.SpringApplication.run(SpringApplication.java:315) ~[spring-boot-3.1.4.jar:3.1.4]
	at org.springframework.boot.SpringApplication.run(SpringApplication.java:1309) ~[spring-boot-3.1.4.jar:3.1.4]
	at org.springframework.boot.SpringApplication.run(SpringApplication.java:1298) ~[spring-boot-3.1.4.jar:3.1.4]
	at com.bridgelabz.bookstore.BookStoreApplication.main(BookStoreApplication.java:10) ~[classes/:na]
	at java.base/jdk.internal.reflect.DirectMethodHandleAccessor.invoke(DirectMethodHandleAccessor.java:104) ~[na:na]
	at java.base/java.lang.reflect.Method.invoke(Method.java:578) ~[na:na]
	at org.springframework.boot.devtools.restart.RestartLauncher.run(RestartLauncher.java:50) ~[spring-boot-devtools-3.1.4.jar:3.1.4]
Caused by: org.springframework.beans.factory.BeanCreationException: Error creating bean with name 'orderService' defined in file [C:\Users\LENOVO\IdeaProjects\BookStore\target\classes\com\bridgelabz\bookstore\service\OrderService.class]: Post-processing of merged bean definition failed
	at org.springframework.beans.factory.support.AbstractAutowireCapableBeanFactory.doCreateBean(AbstractAutowireCapableBeanFactory.java:575) ~[spring-beans-6.0.12.jar:6.0.12]
	at org.springframework.beans.factory.support.AbstractAutowireCapableBeanFactory.createBean(AbstractAutowireCapableBeanFactory.java:520) ~[spring-beans-6.0.12.jar:6.0.12]
	at org.springframework.beans.factory.support.AbstractBeanFactory.lambda$doGetBean$0(AbstractBeanFactory.java:325) ~[spring-beans-6.0.12.jar:6.0.12]
	at org.springframework.beans.factory.support.DefaultSingletonBeanRegistry.getSingleton(DefaultSingletonBeanRegistry.java:234) ~[spring-beans-6.0.12.jar:6.0.12]
	at org.springframework.beans.factory.support.AbstractBeanFactory.doGetBean(AbstractBeanFactory.java:323) ~[spring-beans-6.0.12.jar:6.0.12]
	at org.springframework.beans.factory.support.AbstractBeanFactory.getBean(AbstractBeanFactory.java:199) ~[spring-beans-6.0.12.jar:6.0.12]
	at org.springframework.beans.factory.config.DependencyDescriptor.resolveCandidate(DependencyDescriptor.java:254) ~[spring-beans-6.0.12.jar:6.0.12]
	at org.springframework.beans.factory.support.DefaultListableBeanFactory.doResolveDependency(DefaultListableBeanFactory.java:1417) ~[spring-beans-6.0.12.jar:6.0.12]
	at org.springframework.beans.factory.support.DefaultListableBeanFactory.resolveDependency(DefaultListableBeanFactory.java:1337) ~[spring-beans-6.0.12.jar:6.0.12]
	at org.springframework.beans.factory.annotation.AutowiredAnnotationBeanPostProcessor$AutowiredFieldElement.resolveFieldValue(AutowiredAnnotationBeanPostProcessor.java:764) ~[spring-beans-6.0.12.jar:6.0.12]
	... 23 common frames omitted
Caused by: java.lang.IllegalStateException: Failed to introspect Class [com.bridgelabz.bookstore.service.OrderService] from ClassLoader [org.springframework.boot.devtools.restart.classloader.RestartClassLoader@4b3bf544]
	at org.springframework.util.ReflectionUtils.getDeclaredFields(ReflectionUtils.java:732) ~[spring-core-6.0.12.jar:6.0.12]
	at org.springframework.util.ReflectionUtils.doWithLocalFields(ReflectionUtils.java:664) ~[spring-core-6.0.12.jar:6.0.12]
	at org.springframework.orm.jpa.support.PersistenceAnnotationBeanPostProcessor.buildPersistenceMetadata(PersistenceAnnotationBeanPostProcessor.java:436) ~[spring-orm-6.0.12.jar:6.0.12]
	at org.springframework.orm.jpa.support.PersistenceAnnotationBeanPostProcessor.findPersistenceMetadata(PersistenceAnnotationBeanPostProcessor.java:417) ~[spring-orm-6.0.12.jar:6.0.12]
	at org.springframework.orm.jpa.support.PersistenceAnnotationBeanPostProcessor.findInjectionMetadata(PersistenceAnnotationBeanPostProcessor.java:371) ~[spring-orm-6.0.12.jar:6.0.12]
	at org.springframework.orm.jpa.support.PersistenceAnnotationBeanPostProcessor.postProcessMergedBeanDefinition(PersistenceAnnotationBeanPostProcessor.java:353) ~[spring-orm-6.0.12.jar:6.0.12]
	at org.springframework.beans.factory.support.AbstractAutowireCapableBeanFactory.applyMergedBeanDefinitionPostProcessors(AbstractAutowireCapableBeanFactory.java:1083) ~[spring-beans-6.0.12.jar:6.0.12]
	at org.springframework.beans.factory.support.AbstractAutowireCapableBeanFactory.doCreateBean(AbstractAutowireCapableBeanFactory.java:572) ~[spring-beans-6.0.12.jar:6.0.12]
	... 32 common frames omitted
Caused by: java.lang.NoClassDefFoundError: com/bridgelabz/bookstore/repository/UserRepository
	at java.base/java.lang.Class.getDeclaredFields0(Native Method) ~[na:na]
	at java.base/java.lang.Class.privateGetDeclaredFields(Class.java:3397) ~[na:na]
	at java.base/java.lang.Class.getDeclaredFields(Class.java:2468) ~[na:na]
	at org.springframework.util.ReflectionUtils.getDeclaredFields(ReflectionUtils.java:727) ~[spring-core-6.0.12.jar:6.0.12]
	... 39 common frames omitted
Caused by: java.lang.ClassNotFoundException: com.bridgelabz.bookstore.repository.UserRepository
	at java.base/jdk.internal.loader.BuiltinClassLoader.loadClass(BuiltinClassLoader.java:641) ~[na:na]
	at java.base/jdk.internal.loader.ClassLoaders$AppClassLoader.loadClass(ClassLoaders.java:188) ~[na:na]
	at java.base/java.lang.ClassLoader.loadClass(ClassLoader.java:521) ~[na:na]
	at java.base/java.lang.Class.forName0(Native Method) ~[na:na]
	at java.base/java.lang.Class.forName(Class.java:496) ~[na:na]
	at java.base/java.lang.Class.forName(Class.java:475) ~[na:na]
	at org.springframework.boot.devtools.restart.classloader.RestartClassLoader.loadClass(RestartClassLoader.java:121) ~[spring-boot-devtools-3.1.4.jar:3.1.4]
	at java.base/java.lang.ClassLoader.loadClass(ClassLoader.java:521) ~[na:na]
	... 43 common frames omitted
2023-11-02 23:26 [INFO][restartedMain] [c.b.b.BookStoreApplication:51] Starting BookStoreApplication using Java 20 with PID 10124 (C:\Users\LENOVO\IdeaProjects\BookStore\target\classes started by root in C:\Users\LENOVO\IdeaProjects\BookStore)
2023-11-02 23:26 [INFO][restartedMain] [c.b.b.BookStoreApplication:643] The following 1 profile is active: "dev"
2023-11-02 23:26 [INFO][restartedMain] [o.s.d.r.c.RepositoryConfigurationDelegate:138] Bootstrapping Spring Data JPA repositories in DEFAULT mode.
2023-11-02 23:26 [INFO][restartedMain] [o.s.d.r.c.RepositoryConfigurationDelegate:208] Finished Spring Data repository scanning in 69 ms. Found 4 JPA repository interfaces.
2023-11-02 23:26 [INFO][restartedMain] [o.s.b.w.e.t.TomcatWebServer:108] Tomcat initialized with port(s): 9098 (http)
2023-11-02 23:26 [INFO][restartedMain] [o.s.b.w.s.c.ServletWebServerApplicationContext:291] Root WebApplicationContext: initialization completed in 1043 ms
2023-11-02 23:26 [INFO][restartedMain] [o.h.j.i.u.LogHelper:31] HHH000204: Processing PersistenceUnitInfo [name: default]
2023-11-02 23:26 [INFO][restartedMain] [o.h.b.i.BytecodeProviderInitiator:53] HHH000021: Bytecode provider name : bytebuddy
2023-11-02 23:26 [INFO][restartedMain] [o.s.o.j.p.SpringPersistenceUnitInfo:87] No LoadTimeWeaver setup: ignoring JPA class transformer
2023-11-02 23:26 [INFO][restartedMain] [c.z.h.HikariDataSource:110] HikariPool-3 - Starting...
2023-11-02 23:26 [INFO][restartedMain] [c.z.h.p.HikariPool:565] HikariPool-3 - Added connection com.mysql.cj.jdbc.ConnectionImpl@4656e9ff
2023-11-02 23:26 [INFO][restartedMain] [c.z.h.HikariDataSource:123] HikariPool-3 - Start completed.
2023-11-02 23:26 [INFO][restartedMain] [o.h.b.i.BytecodeProviderInitiator:53] HHH000021: Bytecode provider name : bytebuddy
2023-11-02 23:26 [INFO][restartedMain] [o.h.e.t.j.p.i.JtaPlatformInitiator:51] HHH000490: Using JtaPlatform implementation: [org.hibernate.engine.transaction.jta.platform.internal.NoJtaPlatform]
2023-11-02 23:26 [INFO][restartedMain] [o.s.o.j.LocalContainerEntityManagerFactoryBean:437] Initialized JPA EntityManagerFactory for persistence unit 'default'
2023-11-02 23:26 [WARN][restartedMain] [o.s.b.a.o.j.JpaBaseConfiguration$JpaWebConfiguration:231] spring.jpa.open-in-view is enabled by default. Therefore, database queries may be performed during view rendering. Explicitly configure spring.jpa.open-in-view to disable this warning
2023-11-02 23:26 [WARN][restartedMain] [o.s.b.a.t.ThymeleafAutoConfiguration$DefaultTemplateResolverConfiguration:101] Cannot find template location: classpath:/templates/ (please add some templates, check your Thymeleaf configuration, or set spring.thymeleaf.check-template-location=false)
2023-11-02 23:26 [INFO][restartedMain] [o.s.b.d.a.OptionalLiveReloadServer:59] LiveReload server is running on port 35729
2023-11-02 23:26 [INFO][restartedMain] [o.s.b.w.e.t.TomcatWebServer:220] Tomcat started on port(s): 9098 (http) with context path ''
2023-11-02 23:26 [INFO][restartedMain] [c.b.b.BookStoreApplication:57] Started BookStoreApplication in 2.268 seconds (process running for 373.492)
2023-11-02 23:26 [INFO][restartedMain] [o.s.b.d.a.ConditionEvaluationDeltaLoggingListener:63] Condition evaluation unchanged
2023-11-02 23:26 [INFO][SpringApplicationShutdownHook] [o.s.o.j.LocalContainerEntityManagerFactoryBean:650] Closing JPA EntityManagerFactory for persistence unit 'default'
2023-11-02 23:26 [INFO][SpringApplicationShutdownHook] [c.z.h.HikariDataSource:350] HikariPool-3 - Shutdown initiated...
2023-11-02 23:26 [INFO][SpringApplicationShutdownHook] [c.z.h.HikariDataSource:352] HikariPool-3 - Shutdown completed.
2023-11-02 23:26 [INFO][restartedMain] [c.b.b.BookStoreApplication:51] Starting BookStoreApplication using Java 20 with PID 6688 (C:\Users\LENOVO\IdeaProjects\BookStore\target\classes started by root in C:\Users\LENOVO\IdeaProjects\BookStore)
2023-11-02 23:26 [INFO][restartedMain] [c.b.b.BookStoreApplication:643] The following 1 profile is active: "dev"
2023-11-02 23:26 [INFO][restartedMain] [o.s.b.d.e.DevToolsPropertyDefaultsPostProcessor:250] Devtools property defaults active! Set 'spring.devtools.add-properties' to 'false' to disable
2023-11-02 23:26 [INFO][restartedMain] [o.s.b.d.e.DevToolsPropertyDefaultsPostProcessor:250] For additional web related logging consider setting the 'logging.level.web' property to 'DEBUG'
2023-11-02 23:26 [INFO][restartedMain] [o.s.d.r.c.RepositoryConfigurationDelegate:138] Bootstrapping Spring Data JPA repositories in DEFAULT mode.
2023-11-02 23:26 [INFO][restartedMain] [o.s.d.r.c.RepositoryConfigurationDelegate:208] Finished Spring Data repository scanning in 120 ms. Found 4 JPA repository interfaces.
2023-11-02 23:26 [INFO][restartedMain] [o.s.b.w.e.t.TomcatWebServer:108] Tomcat initialized with port(s): 9098 (http)
2023-11-02 23:26 [INFO][restartedMain] [o.a.c.c.StandardService:173] Starting service [Tomcat]
2023-11-02 23:26 [INFO][restartedMain] [o.a.c.c.StandardEngine:173] Starting Servlet engine: [Apache Tomcat/10.1.13]
2023-11-02 23:26 [INFO][restartedMain] [o.a.c.c.C.[.[.[/]:173] Initializing Spring embedded WebApplicationContext
2023-11-02 23:26 [INFO][restartedMain] [o.s.b.w.s.c.ServletWebServerApplicationContext:291] Root WebApplicationContext: initialization completed in 2949 ms
2023-11-02 23:26 [INFO][restartedMain] [o.h.j.i.u.LogHelper:31] HHH000204: Processing PersistenceUnitInfo [name: default]
2023-11-02 23:26 [INFO][restartedMain] [o.h.Version:44] HHH000412: Hibernate ORM core version 6.2.9.Final
2023-11-02 23:26 [INFO][restartedMain] [o.h.c.Environment:191] HHH000406: Using bytecode reflection optimizer
2023-11-02 23:26 [INFO][restartedMain] [o.h.b.i.BytecodeProviderInitiator:53] HHH000021: Bytecode provider name : bytebuddy
2023-11-02 23:26 [INFO][restartedMain] [o.s.o.j.p.SpringPersistenceUnitInfo:87] No LoadTimeWeaver setup: ignoring JPA class transformer
2023-11-02 23:26 [INFO][restartedMain] [c.z.h.HikariDataSource:110] HikariPool-1 - Starting...
2023-11-02 23:26 [INFO][restartedMain] [c.z.h.p.HikariPool:565] HikariPool-1 - Added connection com.mysql.cj.jdbc.ConnectionImpl@5368b6ad
2023-11-02 23:26 [INFO][restartedMain] [c.z.h.HikariDataSource:123] HikariPool-1 - Start completed.
2023-11-02 23:26 [INFO][restartedMain] [o.h.b.i.BytecodeProviderInitiator:53] HHH000021: Bytecode provider name : bytebuddy
2023-11-02 23:26 [INFO][restartedMain] [o.h.e.t.j.p.i.JtaPlatformInitiator:51] HHH000490: Using JtaPlatform implementation: [org.hibernate.engine.transaction.jta.platform.internal.NoJtaPlatform]
2023-11-02 23:26 [INFO][restartedMain] [o.s.o.j.LocalContainerEntityManagerFactoryBean:437] Initialized JPA EntityManagerFactory for persistence unit 'default'
2023-11-02 23:26 [INFO][restartedMain] [o.s.d.j.r.q.QueryEnhancerFactory:47] Hibernate is in classpath; If applicable, HQL parser will be used.
2023-11-02 23:26 [WARN][restartedMain] [o.s.b.a.o.j.JpaBaseConfiguration$JpaWebConfiguration:231] spring.jpa.open-in-view is enabled by default. Therefore, database queries may be performed during view rendering. Explicitly configure spring.jpa.open-in-view to disable this warning
2023-11-02 23:26 [WARN][restartedMain] [o.s.b.a.t.ThymeleafAutoConfiguration$DefaultTemplateResolverConfiguration:101] Cannot find template location: classpath:/templates/ (please add some templates, check your Thymeleaf configuration, or set spring.thymeleaf.check-template-location=false)
2023-11-02 23:26 [INFO][restartedMain] [o.s.b.d.a.OptionalLiveReloadServer:59] LiveReload server is running on port 35729
2023-11-02 23:26 [INFO][restartedMain] [o.s.b.w.e.t.TomcatWebServer:220] Tomcat started on port(s): 9098 (http) with context path ''
2023-11-02 23:26 [INFO][restartedMain] [c.b.b.BookStoreApplication:57] Started BookStoreApplication in 10.351 seconds (process running for 11.977)
2023-11-02 23:26 [INFO][File Watcher] [o.s.b.d.a.LocalDevToolsAutoConfiguration$RestartingClassPathChangeChangedEventListener:211] Restarting due to 1 class path change (0 additions, 1 deletion, 0 modifications)
2023-11-02 23:26 [INFO][Thread-5] [o.a.c.c.StandardService:173] Stopping service [Tomcat]
2023-11-02 23:26 [INFO][Thread-5] [o.s.o.j.LocalContainerEntityManagerFactoryBean:650] Closing JPA EntityManagerFactory for persistence unit 'default'
2023-11-02 23:26 [INFO][Thread-5] [c.z.h.HikariDataSource:350] HikariPool-1 - Shutdown initiated...
2023-11-02 23:26 [INFO][Thread-5] [c.z.h.HikariDataSource:352] HikariPool-1 - Shutdown completed.
2023-11-02 23:26 [INFO][restartedMain] [c.b.b.BookStoreApplication:51] Starting BookStoreApplication using Java 20 with PID 6688 (C:\Users\LENOVO\IdeaProjects\BookStore\target\classes started by root in C:\Users\LENOVO\IdeaProjects\BookStore)
2023-11-02 23:26 [INFO][restartedMain] [c.b.b.BookStoreApplication:643] The following 1 profile is active: "dev"
2023-11-02 23:26 [INFO][restartedMain] [o.s.d.r.c.RepositoryConfigurationDelegate:138] Bootstrapping Spring Data JPA repositories in DEFAULT mode.
2023-11-02 23:26 [INFO][restartedMain] [o.s.d.r.c.RepositoryConfigurationDelegate:208] Finished Spring Data repository scanning in 47 ms. Found 3 JPA repository interfaces.
2023-11-02 23:26 [INFO][restartedMain] [o.s.b.w.e.t.TomcatWebServer:108] Tomcat initialized with port(s): 9098 (http)
2023-11-02 23:26 [INFO][restartedMain] [o.a.c.c.StandardService:173] Starting service [Tomcat]
2023-11-02 23:26 [INFO][restartedMain] [o.a.c.c.StandardEngine:173] Starting Servlet engine: [Apache Tomcat/10.1.13]
2023-11-02 23:26 [INFO][restartedMain] [o.a.c.c.C.[.[.[/]:173] Initializing Spring embedded WebApplicationContext
2023-11-02 23:26 [INFO][restartedMain] [o.s.b.w.s.c.ServletWebServerApplicationContext:291] Root WebApplicationContext: initialization completed in 1002 ms
2023-11-02 23:26 [INFO][restartedMain] [o.h.j.i.u.LogHelper:31] HHH000204: Processing PersistenceUnitInfo [name: default]
2023-11-02 23:26 [INFO][restartedMain] [o.h.b.i.BytecodeProviderInitiator:53] HHH000021: Bytecode provider name : bytebuddy
2023-11-02 23:26 [INFO][restartedMain] [o.s.o.j.p.SpringPersistenceUnitInfo:87] No LoadTimeWeaver setup: ignoring JPA class transformer
2023-11-02 23:26 [INFO][restartedMain] [c.z.h.HikariDataSource:110] HikariPool-2 - Starting...
2023-11-02 23:26 [INFO][restartedMain] [c.z.h.p.HikariPool:565] HikariPool-2 - Added connection com.mysql.cj.jdbc.ConnectionImpl@19fbdb61
2023-11-02 23:26 [INFO][restartedMain] [c.z.h.HikariDataSource:123] HikariPool-2 - Start completed.
2023-11-02 23:26 [INFO][restartedMain] [o.h.b.i.BytecodeProviderInitiator:53] HHH000021: Bytecode provider name : bytebuddy
2023-11-02 23:26 [INFO][restartedMain] [o.h.e.t.j.p.i.JtaPlatformInitiator:51] HHH000490: Using JtaPlatform implementation: [org.hibernate.engine.transaction.jta.platform.internal.NoJtaPlatform]
2023-11-02 23:26 [INFO][restartedMain] [o.s.o.j.LocalContainerEntityManagerFactoryBean:437] Initialized JPA EntityManagerFactory for persistence unit 'default'
2023-11-02 23:26 [WARN][restartedMain] [o.s.b.w.s.c.AnnotationConfigServletWebServerApplicationContext:616] Exception encountered during context initialization - cancelling refresh attempt: org.springframework.beans.factory.UnsatisfiedDependencyException: Error creating bean with name 'orderController': Unsatisfied dependency expressed through field 'orderService': Error creating bean with name 'orderService' defined in file [C:\Users\LENOVO\IdeaProjects\BookStore\target\classes\com\bridgelabz\bookstore\service\OrderService.class]: Post-processing of merged bean definition failed
2023-11-02 23:26 [INFO][restartedMain] [o.s.o.j.LocalContainerEntityManagerFactoryBean:650] Closing JPA EntityManagerFactory for persistence unit 'default'
2023-11-02 23:26 [INFO][restartedMain] [c.z.h.HikariDataSource:350] HikariPool-2 - Shutdown initiated...
2023-11-02 23:26 [INFO][restartedMain] [c.z.h.HikariDataSource:352] HikariPool-2 - Shutdown completed.
2023-11-02 23:26 [INFO][restartedMain] [o.a.c.c.StandardService:173] Stopping service [Tomcat]
2023-11-02 23:26 [INFO][restartedMain] [o.s.b.a.l.ConditionEvaluationReportLogger:82] 

Error starting ApplicationContext. To display the condition evaluation report re-run your application with 'debug' enabled.
2023-11-02 23:26 [ERROR][restartedMain] [o.s.b.SpringApplication:827] Application run failed
org.springframework.beans.factory.UnsatisfiedDependencyException: Error creating bean with name 'orderController': Unsatisfied dependency expressed through field 'orderService': Error creating bean with name 'orderService' defined in file [C:\Users\LENOVO\IdeaProjects\BookStore\target\classes\com\bridgelabz\bookstore\service\OrderService.class]: Post-processing of merged bean definition failed
	at org.springframework.beans.factory.annotation.AutowiredAnnotationBeanPostProcessor$AutowiredFieldElement.resolveFieldValue(AutowiredAnnotationBeanPostProcessor.java:767) ~[spring-beans-6.0.12.jar:6.0.12]
	at org.springframework.beans.factory.annotation.AutowiredAnnotationBeanPostProcessor$AutowiredFieldElement.inject(AutowiredAnnotationBeanPostProcessor.java:747) ~[spring-beans-6.0.12.jar:6.0.12]
	at org.springframework.beans.factory.annotation.InjectionMetadata.inject(InjectionMetadata.java:145) ~[spring-beans-6.0.12.jar:6.0.12]
	at org.springframework.beans.factory.annotation.AutowiredAnnotationBeanPostProcessor.postProcessProperties(AutowiredAnnotationBeanPostProcessor.java:492) ~[spring-beans-6.0.12.jar:6.0.12]
	at org.springframework.beans.factory.support.AbstractAutowireCapableBeanFactory.populateBean(AbstractAutowireCapableBeanFactory.java:1416) ~[spring-beans-6.0.12.jar:6.0.12]
	at org.springframework.beans.factory.support.AbstractAutowireCapableBeanFactory.doCreateBean(AbstractAutowireCapableBeanFactory.java:597) ~[spring-beans-6.0.12.jar:6.0.12]
	at org.springframework.beans.factory.support.AbstractAutowireCapableBeanFactory.createBean(AbstractAutowireCapableBeanFactory.java:520) ~[spring-beans-6.0.12.jar:6.0.12]
	at org.springframework.beans.factory.support.AbstractBeanFactory.lambda$doGetBean$0(AbstractBeanFactory.java:325) ~[spring-beans-6.0.12.jar:6.0.12]
	at org.springframework.beans.factory.support.DefaultSingletonBeanRegistry.getSingleton(DefaultSingletonBeanRegistry.java:234) ~[spring-beans-6.0.12.jar:6.0.12]
	at org.springframework.beans.factory.support.AbstractBeanFactory.doGetBean(AbstractBeanFactory.java:323) ~[spring-beans-6.0.12.jar:6.0.12]
	at org.springframework.beans.factory.support.AbstractBeanFactory.getBean(AbstractBeanFactory.java:199) ~[spring-beans-6.0.12.jar:6.0.12]
	at org.springframework.beans.factory.support.DefaultListableBeanFactory.preInstantiateSingletons(DefaultListableBeanFactory.java:973) ~[spring-beans-6.0.12.jar:6.0.12]
	at org.springframework.context.support.AbstractApplicationContext.finishBeanFactoryInitialization(AbstractApplicationContext.java:942) ~[spring-context-6.0.12.jar:6.0.12]
	at org.springframework.context.support.AbstractApplicationContext.refresh(AbstractApplicationContext.java:608) ~[spring-context-6.0.12.jar:6.0.12]
	at org.springframework.boot.web.servlet.context.ServletWebServerApplicationContext.refresh(ServletWebServerApplicationContext.java:146) ~[spring-boot-3.1.4.jar:3.1.4]
	at org.springframework.boot.SpringApplication.refresh(SpringApplication.java:737) ~[spring-boot-3.1.4.jar:3.1.4]
	at org.springframework.boot.SpringApplication.refreshContext(SpringApplication.java:439) ~[spring-boot-3.1.4.jar:3.1.4]
	at org.springframework.boot.SpringApplication.run(SpringApplication.java:315) ~[spring-boot-3.1.4.jar:3.1.4]
	at org.springframework.boot.SpringApplication.run(SpringApplication.java:1309) ~[spring-boot-3.1.4.jar:3.1.4]
	at org.springframework.boot.SpringApplication.run(SpringApplication.java:1298) ~[spring-boot-3.1.4.jar:3.1.4]
	at com.bridgelabz.bookstore.BookStoreApplication.main(BookStoreApplication.java:10) ~[classes/:na]
	at java.base/jdk.internal.reflect.DirectMethodHandleAccessor.invoke(DirectMethodHandleAccessor.java:104) ~[na:na]
	at java.base/java.lang.reflect.Method.invoke(Method.java:578) ~[na:na]
	at org.springframework.boot.devtools.restart.RestartLauncher.run(RestartLauncher.java:50) ~[spring-boot-devtools-3.1.4.jar:3.1.4]
Caused by: org.springframework.beans.factory.BeanCreationException: Error creating bean with name 'orderService' defined in file [C:\Users\LENOVO\IdeaProjects\BookStore\target\classes\com\bridgelabz\bookstore\service\OrderService.class]: Post-processing of merged bean definition failed
	at org.springframework.beans.factory.support.AbstractAutowireCapableBeanFactory.doCreateBean(AbstractAutowireCapableBeanFactory.java:575) ~[spring-beans-6.0.12.jar:6.0.12]
	at org.springframework.beans.factory.support.AbstractAutowireCapableBeanFactory.createBean(AbstractAutowireCapableBeanFactory.java:520) ~[spring-beans-6.0.12.jar:6.0.12]
	at org.springframework.beans.factory.support.AbstractBeanFactory.lambda$doGetBean$0(AbstractBeanFactory.java:325) ~[spring-beans-6.0.12.jar:6.0.12]
	at org.springframework.beans.factory.support.DefaultSingletonBeanRegistry.getSingleton(DefaultSingletonBeanRegistry.java:234) ~[spring-beans-6.0.12.jar:6.0.12]
	at org.springframework.beans.factory.support.AbstractBeanFactory.doGetBean(AbstractBeanFactory.java:323) ~[spring-beans-6.0.12.jar:6.0.12]
	at org.springframework.beans.factory.support.AbstractBeanFactory.getBean(AbstractBeanFactory.java:199) ~[spring-beans-6.0.12.jar:6.0.12]
	at org.springframework.beans.factory.config.DependencyDescriptor.resolveCandidate(DependencyDescriptor.java:254) ~[spring-beans-6.0.12.jar:6.0.12]
	at org.springframework.beans.factory.support.DefaultListableBeanFactory.doResolveDependency(DefaultListableBeanFactory.java:1417) ~[spring-beans-6.0.12.jar:6.0.12]
	at org.springframework.beans.factory.support.DefaultListableBeanFactory.resolveDependency(DefaultListableBeanFactory.java:1337) ~[spring-beans-6.0.12.jar:6.0.12]
	at org.springframework.beans.factory.annotation.AutowiredAnnotationBeanPostProcessor$AutowiredFieldElement.resolveFieldValue(AutowiredAnnotationBeanPostProcessor.java:764) ~[spring-beans-6.0.12.jar:6.0.12]
	... 23 common frames omitted
Caused by: java.lang.IllegalStateException: Failed to introspect Class [com.bridgelabz.bookstore.service.OrderService] from ClassLoader [org.springframework.boot.devtools.restart.classloader.RestartClassLoader@4bac141d]
	at org.springframework.util.ReflectionUtils.getDeclaredFields(ReflectionUtils.java:732) ~[spring-core-6.0.12.jar:6.0.12]
	at org.springframework.util.ReflectionUtils.doWithLocalFields(ReflectionUtils.java:664) ~[spring-core-6.0.12.jar:6.0.12]
	at org.springframework.orm.jpa.support.PersistenceAnnotationBeanPostProcessor.buildPersistenceMetadata(PersistenceAnnotationBeanPostProcessor.java:436) ~[spring-orm-6.0.12.jar:6.0.12]
	at org.springframework.orm.jpa.support.PersistenceAnnotationBeanPostProcessor.findPersistenceMetadata(PersistenceAnnotationBeanPostProcessor.java:417) ~[spring-orm-6.0.12.jar:6.0.12]
	at org.springframework.orm.jpa.support.PersistenceAnnotationBeanPostProcessor.findInjectionMetadata(PersistenceAnnotationBeanPostProcessor.java:371) ~[spring-orm-6.0.12.jar:6.0.12]
	at org.springframework.orm.jpa.support.PersistenceAnnotationBeanPostProcessor.postProcessMergedBeanDefinition(PersistenceAnnotationBeanPostProcessor.java:353) ~[spring-orm-6.0.12.jar:6.0.12]
	at org.springframework.beans.factory.support.AbstractAutowireCapableBeanFactory.applyMergedBeanDefinitionPostProcessors(AbstractAutowireCapableBeanFactory.java:1083) ~[spring-beans-6.0.12.jar:6.0.12]
	at org.springframework.beans.factory.support.AbstractAutowireCapableBeanFactory.doCreateBean(AbstractAutowireCapableBeanFactory.java:572) ~[spring-beans-6.0.12.jar:6.0.12]
	... 32 common frames omitted
Caused by: java.lang.NoClassDefFoundError: com/bridgelabz/bookstore/repository/UserRepository
	at java.base/java.lang.Class.getDeclaredFields0(Native Method) ~[na:na]
	at java.base/java.lang.Class.privateGetDeclaredFields(Class.java:3397) ~[na:na]
	at java.base/java.lang.Class.getDeclaredFields(Class.java:2468) ~[na:na]
	at org.springframework.util.ReflectionUtils.getDeclaredFields(ReflectionUtils.java:727) ~[spring-core-6.0.12.jar:6.0.12]
	... 39 common frames omitted
Caused by: java.lang.ClassNotFoundException: com.bridgelabz.bookstore.repository.UserRepository
	at java.base/jdk.internal.loader.BuiltinClassLoader.loadClass(BuiltinClassLoader.java:641) ~[na:na]
	at java.base/jdk.internal.loader.ClassLoaders$AppClassLoader.loadClass(ClassLoaders.java:188) ~[na:na]
	at java.base/java.lang.ClassLoader.loadClass(ClassLoader.java:521) ~[na:na]
	at java.base/java.lang.Class.forName0(Native Method) ~[na:na]
	at java.base/java.lang.Class.forName(Class.java:496) ~[na:na]
	at java.base/java.lang.Class.forName(Class.java:475) ~[na:na]
	at org.springframework.boot.devtools.restart.classloader.RestartClassLoader.loadClass(RestartClassLoader.java:121) ~[spring-boot-devtools-3.1.4.jar:3.1.4]
	at java.base/java.lang.ClassLoader.loadClass(ClassLoader.java:521) ~[na:na]
	... 43 common frames omitted
2023-11-02 23:26 [INFO][restartedMain] [c.b.b.BookStoreApplication:51] Starting BookStoreApplication using Java 20 with PID 6688 (C:\Users\LENOVO\IdeaProjects\BookStore\target\classes started by root in C:\Users\LENOVO\IdeaProjects\BookStore)
2023-11-02 23:26 [INFO][restartedMain] [c.b.b.BookStoreApplication:643] The following 1 profile is active: "dev"
2023-11-02 23:26 [INFO][restartedMain] [o.s.d.r.c.RepositoryConfigurationDelegate:138] Bootstrapping Spring Data JPA repositories in DEFAULT mode.
2023-11-02 23:26 [INFO][restartedMain] [o.s.d.r.c.RepositoryConfigurationDelegate:208] Finished Spring Data repository scanning in 62 ms. Found 4 JPA repository interfaces.
2023-11-02 23:26 [INFO][restartedMain] [o.s.b.w.e.t.TomcatWebServer:108] Tomcat initialized with port(s): 9098 (http)
2023-11-02 23:26 [INFO][restartedMain] [o.a.c.c.StandardService:173] Starting service [Tomcat]
2023-11-02 23:26 [INFO][restartedMain] [o.a.c.c.StandardEngine:173] Starting Servlet engine: [Apache Tomcat/10.1.13]
2023-11-02 23:26 [INFO][restartedMain] [o.a.c.c.C.[.[.[/]:173] Initializing Spring embedded WebApplicationContext
2023-11-02 23:26 [INFO][restartedMain] [o.s.b.w.s.c.ServletWebServerApplicationContext:291] Root WebApplicationContext: initialization completed in 928 ms
2023-11-02 23:26 [INFO][restartedMain] [o.h.j.i.u.LogHelper:31] HHH000204: Processing PersistenceUnitInfo [name: default]
2023-11-02 23:26 [INFO][restartedMain] [o.h.b.i.BytecodeProviderInitiator:53] HHH000021: Bytecode provider name : bytebuddy
2023-11-02 23:26 [INFO][restartedMain] [o.s.o.j.p.SpringPersistenceUnitInfo:87] No LoadTimeWeaver setup: ignoring JPA class transformer
2023-11-02 23:26 [INFO][restartedMain] [c.z.h.HikariDataSource:110] HikariPool-3 - Starting...
2023-11-02 23:26 [INFO][restartedMain] [c.z.h.p.HikariPool:565] HikariPool-3 - Added connection com.mysql.cj.jdbc.ConnectionImpl@1435a2bc
2023-11-02 23:26 [INFO][restartedMain] [c.z.h.HikariDataSource:123] HikariPool-3 - Start completed.
2023-11-02 23:26 [INFO][restartedMain] [o.h.b.i.BytecodeProviderInitiator:53] HHH000021: Bytecode provider name : bytebuddy
2023-11-02 23:26 [INFO][restartedMain] [o.h.e.t.j.p.i.JtaPlatformInitiator:51] HHH000490: Using JtaPlatform implementation: [org.hibernate.engine.transaction.jta.platform.internal.NoJtaPlatform]
2023-11-02 23:26 [INFO][restartedMain] [o.s.o.j.LocalContainerEntityManagerFactoryBean:437] Initialized JPA EntityManagerFactory for persistence unit 'default'
2023-11-02 23:26 [WARN][restartedMain] [o.s.b.a.o.j.JpaBaseConfiguration$JpaWebConfiguration:231] spring.jpa.open-in-view is enabled by default. Therefore, database queries may be performed during view rendering. Explicitly configure spring.jpa.open-in-view to disable this warning
2023-11-02 23:26 [WARN][restartedMain] [o.s.b.a.t.ThymeleafAutoConfiguration$DefaultTemplateResolverConfiguration:101] Cannot find template location: classpath:/templates/ (please add some templates, check your Thymeleaf configuration, or set spring.thymeleaf.check-template-location=false)
2023-11-02 23:26 [INFO][restartedMain] [o.s.b.d.a.OptionalLiveReloadServer:59] LiveReload server is running on port 35729
2023-11-02 23:26 [INFO][restartedMain] [o.s.b.w.e.t.TomcatWebServer:220] Tomcat started on port(s): 9098 (http) with context path ''
2023-11-02 23:26 [INFO][restartedMain] [c.b.b.BookStoreApplication:57] Started BookStoreApplication in 2.566 seconds (process running for 27.244)
2023-11-02 23:26 [INFO][restartedMain] [o.s.b.d.a.ConditionEvaluationDeltaLoggingListener:63] Condition evaluation unchanged
2023-11-02 23:27 [INFO][SpringApplicationShutdownHook] [o.s.o.j.LocalContainerEntityManagerFactoryBean:650] Closing JPA EntityManagerFactory for persistence unit 'default'
2023-11-02 23:27 [INFO][SpringApplicationShutdownHook] [c.z.h.HikariDataSource:350] HikariPool-3 - Shutdown initiated...
2023-11-02 23:27 [INFO][SpringApplicationShutdownHook] [c.z.h.HikariDataSource:352] HikariPool-3 - Shutdown completed.
2023-11-02 23:27 [INFO][restartedMain] [c.b.b.BookStoreApplication:51] Starting BookStoreApplication using Java 20 with PID 6852 (C:\Users\LENOVO\IdeaProjects\BookStore\target\classes started by root in C:\Users\LENOVO\IdeaProjects\BookStore)
2023-11-02 23:27 [INFO][restartedMain] [c.b.b.BookStoreApplication:643] The following 1 profile is active: "dev"
2023-11-02 23:27 [INFO][restartedMain] [o.s.b.d.e.DevToolsPropertyDefaultsPostProcessor:250] Devtools property defaults active! Set 'spring.devtools.add-properties' to 'false' to disable
2023-11-02 23:27 [INFO][restartedMain] [o.s.b.d.e.DevToolsPropertyDefaultsPostProcessor:250] For additional web related logging consider setting the 'logging.level.web' property to 'DEBUG'
2023-11-02 23:27 [INFO][restartedMain] [o.s.d.r.c.RepositoryConfigurationDelegate:138] Bootstrapping Spring Data JPA repositories in DEFAULT mode.
2023-11-02 23:27 [INFO][restartedMain] [o.s.d.r.c.RepositoryConfigurationDelegate:208] Finished Spring Data repository scanning in 122 ms. Found 4 JPA repository interfaces.
2023-11-02 23:27 [INFO][restartedMain] [o.s.b.w.e.t.TomcatWebServer:108] Tomcat initialized with port(s): 9098 (http)
2023-11-02 23:27 [INFO][restartedMain] [o.a.c.c.StandardService:173] Starting service [Tomcat]
2023-11-02 23:27 [INFO][restartedMain] [o.a.c.c.StandardEngine:173] Starting Servlet engine: [Apache Tomcat/10.1.13]
2023-11-02 23:27 [INFO][restartedMain] [o.a.c.c.C.[.[.[/]:173] Initializing Spring embedded WebApplicationContext
2023-11-02 23:27 [INFO][restartedMain] [o.s.b.w.s.c.ServletWebServerApplicationContext:291] Root WebApplicationContext: initialization completed in 2662 ms
2023-11-02 23:27 [INFO][restartedMain] [o.h.j.i.u.LogHelper:31] HHH000204: Processing PersistenceUnitInfo [name: default]
2023-11-02 23:27 [INFO][restartedMain] [o.h.Version:44] HHH000412: Hibernate ORM core version 6.2.9.Final
2023-11-02 23:27 [INFO][restartedMain] [o.h.c.Environment:191] HHH000406: Using bytecode reflection optimizer
2023-11-02 23:27 [INFO][restartedMain] [o.h.b.i.BytecodeProviderInitiator:53] HHH000021: Bytecode provider name : bytebuddy
2023-11-02 23:27 [INFO][restartedMain] [o.s.o.j.p.SpringPersistenceUnitInfo:87] No LoadTimeWeaver setup: ignoring JPA class transformer
2023-11-02 23:27 [INFO][restartedMain] [c.z.h.HikariDataSource:110] HikariPool-1 - Starting...
2023-11-02 23:27 [INFO][restartedMain] [c.z.h.p.HikariPool:565] HikariPool-1 - Added connection com.mysql.cj.jdbc.ConnectionImpl@13d5e765
2023-11-02 23:27 [INFO][restartedMain] [c.z.h.HikariDataSource:123] HikariPool-1 - Start completed.
2023-11-02 23:27 [INFO][restartedMain] [o.h.b.i.BytecodeProviderInitiator:53] HHH000021: Bytecode provider name : bytebuddy
2023-11-02 23:27 [INFO][restartedMain] [o.h.e.t.j.p.i.JtaPlatformInitiator:51] HHH000490: Using JtaPlatform implementation: [org.hibernate.engine.transaction.jta.platform.internal.NoJtaPlatform]
2023-11-02 23:27 [INFO][restartedMain] [o.s.o.j.LocalContainerEntityManagerFactoryBean:437] Initialized JPA EntityManagerFactory for persistence unit 'default'
2023-11-02 23:27 [INFO][restartedMain] [o.s.d.j.r.q.QueryEnhancerFactory:47] Hibernate is in classpath; If applicable, HQL parser will be used.
2023-11-02 23:27 [WARN][restartedMain] [o.s.b.a.o.j.JpaBaseConfiguration$JpaWebConfiguration:231] spring.jpa.open-in-view is enabled by default. Therefore, database queries may be performed during view rendering. Explicitly configure spring.jpa.open-in-view to disable this warning
2023-11-02 23:27 [WARN][restartedMain] [o.s.b.a.t.ThymeleafAutoConfiguration$DefaultTemplateResolverConfiguration:101] Cannot find template location: classpath:/templates/ (please add some templates, check your Thymeleaf configuration, or set spring.thymeleaf.check-template-location=false)
2023-11-02 23:27 [INFO][restartedMain] [o.s.b.d.a.OptionalLiveReloadServer:59] LiveReload server is running on port 35729
2023-11-02 23:27 [INFO][restartedMain] [o.s.b.w.e.t.TomcatWebServer:220] Tomcat started on port(s): 9098 (http) with context path ''
2023-11-02 23:27 [INFO][restartedMain] [c.b.b.BookStoreApplication:57] Started BookStoreApplication in 8.983 seconds (process running for 10.55)
2023-11-02 23:27 [INFO][http-nio-9098-exec-2] [o.a.c.c.C.[.[.[/]:173] Initializing Spring DispatcherServlet 'dispatcherServlet'
2023-11-02 23:27 [INFO][http-nio-9098-exec-2] [o.s.w.s.DispatcherServlet:532] Initializing Servlet 'dispatcherServlet'
2023-11-02 23:27 [INFO][http-nio-9098-exec-2] [o.s.w.s.DispatcherServlet:554] Completed initialization in 1 ms
2023-11-02 23:27 [ERROR][http-nio-9098-exec-2] [o.a.c.c.C.[.[.[.[dispatcherServlet]:175] Servlet.service() for servlet [dispatcherServlet] in context with path [] threw exception [Request processing failed: org.springframework.dao.InvalidDataAccessApiUsageException: org.hibernate.QueryException: Named parameter not bound : e] with root cause
org.hibernate.QueryException: Named parameter not bound : e
	at org.hibernate.query.internal.QueryParameterBindingsImpl.lambda$validate$0(QueryParameterBindingsImpl.java:143)
	at java.base/java.util.ArrayList.forEach(ArrayList.java:1511)
	at java.base/java.util.Collections$UnmodifiableCollection.forEach(Collections.java:1092)
	at org.hibernate.query.internal.ParameterMetadataImpl.visitParameters(ParameterMetadataImpl.java:194)
	at org.hibernate.query.spi.ParameterMetadataImplementor.visitRegistrations(ParameterMetadataImplementor.java:29)
	at org.hibernate.query.internal.QueryParameterBindingsImpl.validate(QueryParameterBindingsImpl.java:139)
	at org.hibernate.query.spi.AbstractSelectionQuery.beforeQuery(AbstractSelectionQuery.java:386)
	at org.hibernate.query.spi.AbstractSelectionQuery.list(AbstractSelectionQuery.java:364)
	at org.hibernate.query.spi.AbstractSelectionQuery.getSingleResult(AbstractSelectionQuery.java:473)
	at org.springframework.data.jpa.repository.query.JpaQueryExecution$SingleEntityExecution.doExecute(JpaQueryExecution.java:223)
	at org.springframework.data.jpa.repository.query.JpaQueryExecution.execute(JpaQueryExecution.java:92)
	at org.springframework.data.jpa.repository.query.AbstractJpaQuery.doExecute(AbstractJpaQuery.java:148)
	at org.springframework.data.jpa.repository.query.AbstractJpaQuery.execute(AbstractJpaQuery.java:136)
	at org.springframework.data.repository.core.support.RepositoryMethodInvoker.doInvoke(RepositoryMethodInvoker.java:136)
	at org.springframework.data.repository.core.support.RepositoryMethodInvoker.invoke(RepositoryMethodInvoker.java:120)
	at org.springframework.data.repository.core.support.QueryExecutorMethodInterceptor.doInvoke(QueryExecutorMethodInterceptor.java:164)
	at org.springframework.data.repository.core.support.QueryExecutorMethodInterceptor.invoke(QueryExecutorMethodInterceptor.java:143)
	at org.springframework.aop.framework.ReflectiveMethodInvocation.proceed(ReflectiveMethodInvocation.java:184)
	at org.springframework.data.projection.DefaultMethodInvokingMethodInterceptor.invoke(DefaultMethodInvokingMethodInterceptor.java:72)
	at org.springframework.aop.framework.ReflectiveMethodInvocation.proceed(ReflectiveMethodInvocation.java:184)
	at org.springframework.transaction.interceptor.TransactionInterceptor$1.proceedWithInvocation(TransactionInterceptor.java:123)
	at org.springframework.transaction.interceptor.TransactionAspectSupport.invokeWithinTransaction(TransactionAspectSupport.java:391)
	at org.springframework.transaction.interceptor.TransactionInterceptor.invoke(TransactionInterceptor.java:119)
	at org.springframework.aop.framework.ReflectiveMethodInvocation.proceed(ReflectiveMethodInvocation.java:184)
	at org.springframework.dao.support.PersistenceExceptionTranslationInterceptor.invoke(PersistenceExceptionTranslationInterceptor.java:137)
	at org.springframework.aop.framework.ReflectiveMethodInvocation.proceed(ReflectiveMethodInvocation.java:184)
	at org.springframework.data.jpa.repository.support.CrudMethodMetadataPostProcessor$CrudMethodMetadataPopulatingMethodInterceptor.invoke(CrudMethodMetadataPostProcessor.java:135)
	at org.springframework.aop.framework.ReflectiveMethodInvocation.proceed(ReflectiveMethodInvocation.java:184)
	at org.springframework.aop.interceptor.ExposeInvocationInterceptor.invoke(ExposeInvocationInterceptor.java:97)
	at org.springframework.aop.framework.ReflectiveMethodInvocation.proceed(ReflectiveMethodInvocation.java:184)
	at org.springframework.aop.framework.JdkDynamicAopProxy.invoke(JdkDynamicAopProxy.java:244)
	at jdk.proxy4/jdk.proxy4.$Proxy121.getUserByEmail(Unknown Source)
	at com.bridgelabz.bookstore.service.UserService.getByEmail(UserService.java:58)
	at com.bridgelabz.bookstore.controller.UserController.getByMail(UserController.java:31)
	at java.base/jdk.internal.reflect.DirectMethodHandleAccessor.invoke(DirectMethodHandleAccessor.java:104)
	at java.base/java.lang.reflect.Method.invoke(Method.java:578)
	at org.springframework.web.method.support.InvocableHandlerMethod.doInvoke(InvocableHandlerMethod.java:205)
	at org.springframework.web.method.support.InvocableHandlerMethod.invokeForRequest(InvocableHandlerMethod.java:150)
	at org.springframework.web.servlet.mvc.method.annotation.ServletInvocableHandlerMethod.invokeAndHandle(ServletInvocableHandlerMethod.java:118)
	at org.springframework.web.servlet.mvc.method.annotation.RequestMappingHandlerAdapter.invokeHandlerMethod(RequestMappingHandlerAdapter.java:884)
	at org.springframework.web.servlet.mvc.method.annotation.RequestMappingHandlerAdapter.handleInternal(RequestMappingHandlerAdapter.java:797)
	at org.springframework.web.servlet.mvc.method.AbstractHandlerMethodAdapter.handle(AbstractHandlerMethodAdapter.java:87)
	at org.springframework.web.servlet.DispatcherServlet.doDispatch(DispatcherServlet.java:1081)
	at org.springframework.web.servlet.DispatcherServlet.doService(DispatcherServlet.java:974)
	at org.springframework.web.servlet.FrameworkServlet.processRequest(FrameworkServlet.java:1011)
	at org.springframework.web.servlet.FrameworkServlet.doGet(FrameworkServlet.java:903)
	at jakarta.servlet.http.HttpServlet.service(HttpServlet.java:564)
	at org.springframework.web.servlet.FrameworkServlet.service(FrameworkServlet.java:885)
	at jakarta.servlet.http.HttpServlet.service(HttpServlet.java:658)
	at org.apache.catalina.core.ApplicationFilterChain.internalDoFilter(ApplicationFilterChain.java:205)
	at org.apache.catalina.core.ApplicationFilterChain.doFilter(ApplicationFilterChain.java:149)
	at org.apache.tomcat.websocket.server.WsFilter.doFilter(WsFilter.java:51)
	at org.apache.catalina.core.ApplicationFilterChain.internalDoFilter(ApplicationFilterChain.java:174)
	at org.apache.catalina.core.ApplicationFilterChain.doFilter(ApplicationFilterChain.java:149)
	at org.springframework.web.filter.RequestContextFilter.doFilterInternal(RequestContextFilter.java:100)
	at org.springframework.web.filter.OncePerRequestFilter.doFilter(OncePerRequestFilter.java:116)
	at org.apache.catalina.core.ApplicationFilterChain.internalDoFilter(ApplicationFilterChain.java:174)
	at org.apache.catalina.core.ApplicationFilterChain.doFilter(ApplicationFilterChain.java:149)
	at org.springframework.web.filter.FormContentFilter.doFilterInternal(FormContentFilter.java:93)
	at org.springframework.web.filter.OncePerRequestFilter.doFilter(OncePerRequestFilter.java:116)
	at org.apache.catalina.core.ApplicationFilterChain.internalDoFilter(ApplicationFilterChain.java:174)
	at org.apache.catalina.core.ApplicationFilterChain.doFilter(ApplicationFilterChain.java:149)
	at org.springframework.web.filter.CharacterEncodingFilter.doFilterInternal(CharacterEncodingFilter.java:201)
	at org.springframework.web.filter.OncePerRequestFilter.doFilter(OncePerRequestFilter.java:116)
	at org.apache.catalina.core.ApplicationFilterChain.internalDoFilter(ApplicationFilterChain.java:174)
	at org.apache.catalina.core.ApplicationFilterChain.doFilter(ApplicationFilterChain.java:149)
	at org.apache.catalina.core.StandardWrapperValve.invoke(StandardWrapperValve.java:167)
	at org.apache.catalina.core.StandardContextValve.invoke(StandardContextValve.java:90)
	at org.apache.catalina.authenticator.AuthenticatorBase.invoke(AuthenticatorBase.java:482)
	at org.apache.catalina.core.StandardHostValve.invoke(StandardHostValve.java:115)
	at org.apache.catalina.valves.ErrorReportValve.invoke(ErrorReportValve.java:93)
	at org.apache.catalina.core.StandardEngineValve.invoke(StandardEngineValve.java:74)
	at org.apache.catalina.connector.CoyoteAdapter.service(CoyoteAdapter.java:341)
	at org.apache.coyote.http11.Http11Processor.service(Http11Processor.java:391)
	at org.apache.coyote.AbstractProcessorLight.process(AbstractProcessorLight.java:63)
	at org.apache.coyote.AbstractProtocol$ConnectionHandler.process(AbstractProtocol.java:894)
	at org.apache.tomcat.util.net.NioEndpoint$SocketProcessor.doRun(NioEndpoint.java:1740)
	at org.apache.tomcat.util.net.SocketProcessorBase.run(SocketProcessorBase.java:52)
	at org.apache.tomcat.util.threads.ThreadPoolExecutor.runWorker(ThreadPoolExecutor.java:1191)
	at org.apache.tomcat.util.threads.ThreadPoolExecutor$Worker.run(ThreadPoolExecutor.java:659)
	at org.apache.tomcat.util.threads.TaskThread$WrappingRunnable.run(TaskThread.java:61)
	at java.base/java.lang.Thread.run(Thread.java:1623)
2023-11-02 23:27 [INFO][SpringApplicationShutdownHook] [o.s.o.j.LocalContainerEntityManagerFactoryBean:650] Closing JPA EntityManagerFactory for persistence unit 'default'
2023-11-02 23:27 [INFO][SpringApplicationShutdownHook] [c.z.h.HikariDataSource:350] HikariPool-1 - Shutdown initiated...
2023-11-02 23:27 [INFO][SpringApplicationShutdownHook] [c.z.h.HikariDataSource:352] HikariPool-1 - Shutdown completed.
2023-11-02 23:27 [INFO][restartedMain] [c.b.b.BookStoreApplication:51] Starting BookStoreApplication using Java 20 with PID 6188 (C:\Users\LENOVO\IdeaProjects\BookStore\target\classes started by root in C:\Users\LENOVO\IdeaProjects\BookStore)
2023-11-02 23:27 [INFO][restartedMain] [c.b.b.BookStoreApplication:643] The following 1 profile is active: "dev"
2023-11-02 23:27 [INFO][restartedMain] [o.s.b.d.e.DevToolsPropertyDefaultsPostProcessor:250] Devtools property defaults active! Set 'spring.devtools.add-properties' to 'false' to disable
2023-11-02 23:27 [INFO][restartedMain] [o.s.b.d.e.DevToolsPropertyDefaultsPostProcessor:250] For additional web related logging consider setting the 'logging.level.web' property to 'DEBUG'
2023-11-02 23:27 [INFO][restartedMain] [o.s.d.r.c.RepositoryConfigurationDelegate:138] Bootstrapping Spring Data JPA repositories in DEFAULT mode.
2023-11-02 23:27 [INFO][restartedMain] [o.s.d.r.c.RepositoryConfigurationDelegate:208] Finished Spring Data repository scanning in 116 ms. Found 4 JPA repository interfaces.
2023-11-02 23:27 [INFO][restartedMain] [o.s.b.w.e.t.TomcatWebServer:108] Tomcat initialized with port(s): 9098 (http)
2023-11-02 23:27 [INFO][restartedMain] [o.a.c.c.StandardService:173] Starting service [Tomcat]
2023-11-02 23:27 [INFO][restartedMain] [o.a.c.c.StandardEngine:173] Starting Servlet engine: [Apache Tomcat/10.1.13]
2023-11-02 23:27 [INFO][restartedMain] [o.a.c.c.C.[.[.[/]:173] Initializing Spring embedded WebApplicationContext
2023-11-02 23:27 [INFO][restartedMain] [o.s.b.w.s.c.ServletWebServerApplicationContext:291] Root WebApplicationContext: initialization completed in 2773 ms
2023-11-02 23:27 [INFO][restartedMain] [o.h.j.i.u.LogHelper:31] HHH000204: Processing PersistenceUnitInfo [name: default]
2023-11-02 23:27 [INFO][restartedMain] [o.h.Version:44] HHH000412: Hibernate ORM core version 6.2.9.Final
2023-11-02 23:27 [INFO][restartedMain] [o.h.c.Environment:191] HHH000406: Using bytecode reflection optimizer
2023-11-02 23:27 [INFO][restartedMain] [o.h.b.i.BytecodeProviderInitiator:53] HHH000021: Bytecode provider name : bytebuddy
2023-11-02 23:27 [INFO][restartedMain] [o.s.o.j.p.SpringPersistenceUnitInfo:87] No LoadTimeWeaver setup: ignoring JPA class transformer
2023-11-02 23:27 [INFO][restartedMain] [c.z.h.HikariDataSource:110] HikariPool-1 - Starting...
2023-11-02 23:27 [INFO][restartedMain] [c.z.h.p.HikariPool:565] HikariPool-1 - Added connection com.mysql.cj.jdbc.ConnectionImpl@4e24fc44
2023-11-02 23:27 [INFO][restartedMain] [c.z.h.HikariDataSource:123] HikariPool-1 - Start completed.
2023-11-02 23:27 [INFO][restartedMain] [o.h.b.i.BytecodeProviderInitiator:53] HHH000021: Bytecode provider name : bytebuddy
2023-11-02 23:27 [INFO][restartedMain] [o.h.e.t.j.p.i.JtaPlatformInitiator:51] HHH000490: Using JtaPlatform implementation: [org.hibernate.engine.transaction.jta.platform.internal.NoJtaPlatform]
2023-11-02 23:27 [INFO][restartedMain] [o.s.o.j.LocalContainerEntityManagerFactoryBean:437] Initialized JPA EntityManagerFactory for persistence unit 'default'
2023-11-02 23:27 [INFO][restartedMain] [o.s.d.j.r.q.QueryEnhancerFactory:47] Hibernate is in classpath; If applicable, HQL parser will be used.
2023-11-02 23:27 [WARN][restartedMain] [o.s.b.a.o.j.JpaBaseConfiguration$JpaWebConfiguration:231] spring.jpa.open-in-view is enabled by default. Therefore, database queries may be performed during view rendering. Explicitly configure spring.jpa.open-in-view to disable this warning
2023-11-02 23:27 [WARN][restartedMain] [o.s.b.a.t.ThymeleafAutoConfiguration$DefaultTemplateResolverConfiguration:101] Cannot find template location: classpath:/templates/ (please add some templates, check your Thymeleaf configuration, or set spring.thymeleaf.check-template-location=false)
2023-11-02 23:27 [INFO][restartedMain] [o.s.b.d.a.OptionalLiveReloadServer:59] LiveReload server is running on port 35729
2023-11-02 23:27 [INFO][restartedMain] [o.s.b.w.e.t.TomcatWebServer:220] Tomcat started on port(s): 9098 (http) with context path ''
2023-11-02 23:27 [INFO][restartedMain] [c.b.b.BookStoreApplication:57] Started BookStoreApplication in 9.07 seconds (process running for 10.691)
2023-11-02 23:28 [INFO][http-nio-9098-exec-2] [o.a.c.c.C.[.[.[/]:173] Initializing Spring DispatcherServlet 'dispatcherServlet'
2023-11-02 23:28 [INFO][http-nio-9098-exec-2] [o.s.w.s.DispatcherServlet:532] Initializing Servlet 'dispatcherServlet'
2023-11-02 23:28 [INFO][http-nio-9098-exec-2] [o.s.w.s.DispatcherServlet:554] Completed initialization in 3 ms
2023-11-02 23:36 [INFO][SpringApplicationShutdownHook] [o.s.o.j.LocalContainerEntityManagerFactoryBean:650] Closing JPA EntityManagerFactory for persistence unit 'default'
2023-11-02 23:36 [INFO][SpringApplicationShutdownHook] [c.z.h.HikariDataSource:350] HikariPool-1 - Shutdown initiated...
2023-11-02 23:36 [INFO][SpringApplicationShutdownHook] [c.z.h.HikariDataSource:352] HikariPool-1 - Shutdown completed.
